2018-08-13 21:19:18.805 [main] INFO  com.lq.sell.SellApplication - Starting SellApplication on LQ_ with PID 13280 (E:\newwork\sell\target\classes started by LQ in E:\newwork\sell)
2018-08-13 21:19:18.834 [main] INFO  com.lq.sell.SellApplication - No active profile set, falling back to default profiles: default
2018-08-13 21:19:24.706 [main] INFO  com.lq.sell.SellApplication - Started SellApplication in 6.774 seconds (JVM running for 7.872)
2018-08-13 21:21:29.076 [main] INFO  com.lq.sell.SellApplication - Starting SellApplication on LQ_ with PID 8848 (E:\newwork\sell\target\classes started by LQ in E:\newwork\sell)
2018-08-13 21:21:29.084 [main] INFO  com.lq.sell.SellApplication - No active profile set, falling back to default profiles: default
2018-08-13 21:21:35.072 [main] INFO  com.lq.sell.SellApplication - Started SellApplication in 6.877 seconds (JVM running for 7.835)
2018-08-13 21:22:17.123 [main] INFO  com.lq.sell.SellApplication - Starting SellApplication on LQ_ with PID 2964 (E:\newwork\sell\target\classes started by LQ in E:\newwork\sell)
2018-08-13 21:22:17.129 [main] INFO  com.lq.sell.SellApplication - No active profile set, falling back to default profiles: default
2018-08-13 21:22:22.356 [main] INFO  com.lq.sell.SellApplication - Started SellApplication in 6.29 seconds (JVM running for 7.031)
2018-08-13 22:05:11.421 [main] INFO  com.lq.sell.SellApplication - Starting SellApplication on LQ_ with PID 5464 (E:\newwork\sell\target\classes started by LQ in E:\newwork\sell)
2018-08-13 22:05:11.444 [main] INFO  com.lq.sell.SellApplication - No active profile set, falling back to default profiles: default
2018-08-13 22:07:22.596 [main] INFO  com.lq.sell.SellApplication - Starting SellApplication on LQ_ with PID 11348 (E:\newwork\sell\target\classes started by LQ in E:\newwork\sell)
2018-08-13 22:07:22.605 [main] INFO  com.lq.sell.SellApplication - No active profile set, falling back to default profiles: default
2018-08-13 22:07:28.447 [main] INFO  com.lq.sell.SellApplication - Started SellApplication in 6.802 seconds (JVM running for 7.592)
2018-08-13 22:07:40.432 [http-nio-8080-exec-3] INFO  com.lq.sell.SellApplication -  in CategoryServiceImpl time [] ProductCategory findAll
2018-08-13 22:10:23.569 [http-nio-8080-exec-5] INFO  com.lq.sell.SellApplication -  in CategoryServiceImpl time [] ProductCategory findAll
2018-08-13 22:14:12.800 [http-nio-8080-exec-7] INFO  com.lq.sell.SellApplication -  in CategoryServiceImpl time [] ProductCategory findAll
2018-08-13 22:15:03.524 [http-nio-8080-exec-8] INFO  com.lq.sell.SellApplication -  in CategoryServiceImpl time [] ProductCategory findAll
2018-08-13 22:15:04.841 [http-nio-8080-exec-9] INFO  com.lq.sell.SellApplication -  in CategoryServiceImpl time [] ProductCategory findAll
2018-08-13 22:15:20.455 [http-nio-8080-exec-10] INFO  com.lq.sell.SellApplication -  in CategoryServiceImpl time [] ProductCategory findAll
2018-08-13 22:15:21.365 [http-nio-8080-exec-1] INFO  com.lq.sell.SellApplication -  in CategoryServiceImpl time [] ProductCategory findAll
2018-08-13 22:15:44.637 [http-nio-8080-exec-2] INFO  com.lq.sell.SellApplication -  in CategoryServiceImpl time [] ProductCategory findAll
2018-08-13 22:15:52.294 [http-nio-8080-exec-3] INFO  com.lq.sell.SellApplication -  in CategoryServiceImpl time [] ProductCategory findAll
2018-08-13 22:16:30.838 [main] INFO  com.lq.sell.SellApplication - Starting SellApplication on LQ_ with PID 4884 (E:\newwork\sell\target\classes started by LQ in E:\newwork\sell)
2018-08-13 22:16:30.943 [main] INFO  com.lq.sell.SellApplication - No active profile set, falling back to default profiles: default
2018-08-13 22:16:36.688 [main] INFO  com.lq.sell.SellApplication - Started SellApplication in 6.928 seconds (JVM running for 7.921)
2018-08-13 22:16:46.517 [http-nio-8080-exec-2] INFO  com.lq.sell.SellApplication -  in CategoryServiceImpl time [] ProductCategory findAll
2018-08-13 22:18:17.918 [http-nio-8080-exec-3] INFO  com.lq.sell.SellApplication -  in CategoryServiceImpl time [] ProductCategory findAll
2018-08-13 22:18:24.511 [http-nio-8080-exec-4] INFO  com.lq.sell.SellApplication -  in CategoryServiceImpl time [] ProductCategory findAll
2018-08-13 22:18:27.101 [http-nio-8080-exec-6] INFO  com.lq.sell.SellApplication -  in CategoryServiceImpl time [] ProductCategory findAll
2018-08-13 22:19:02.400 [http-nio-8080-exec-7] INFO  com.lq.sell.SellApplication -  in CategoryServiceImpl time [] ProductCategory findAll
2018-08-13 22:21:39.806 [http-nio-8080-exec-10] INFO  com.lq.sell.SellApplication -  in CategoryServiceImpl time [] ProductCategory findAll
2018-08-13 22:23:20.903 [http-nio-8080-exec-1] INFO  com.lq.sell.SellApplication -  in CategoryServiceImpl time [] ProductCategory findAll
2018-08-13 22:23:24.012 [http-nio-8080-exec-2] INFO  com.lq.sell.SellApplication -  in CategoryServiceImpl time [] ProductCategory findAll
2018-08-13 22:23:45.102 [http-nio-8080-exec-3] INFO  com.lq.sell.SellApplication -  in CategoryServiceImpl time [] ProductCategory findAll
2018-08-13 22:25:01.698 [http-nio-8080-exec-4] INFO  com.lq.sell.SellApplication -  in CategoryServiceImpl time [] ProductCategory findAll
2018-08-13 22:26:27.878 [http-nio-8080-exec-6] INFO  com.lq.sell.SellApplication -  in CategoryServiceImpl time [] ProductCategory findAll
2018-08-13 22:27:02.446 [http-nio-8080-exec-7] INFO  com.lq.sell.SellApplication -  in CategoryServiceImpl time [] ProductCategory findAll
2018-08-13 22:29:31.406 [main] INFO  com.lq.sell.SellApplication - Starting SellApplication on LQ_ with PID 12896 (E:\newwork\sell\target\classes started by LQ in E:\newwork\sell)
2018-08-13 22:29:31.417 [main] INFO  com.lq.sell.SellApplication - No active profile set, falling back to default profiles: default
2018-08-13 22:29:37.038 [main] INFO  com.lq.sell.SellApplication - Started SellApplication in 6.401 seconds (JVM running for 7.212)
2018-08-13 22:29:44.833 [http-nio-8080-exec-1] INFO  com.lq.sell.SellApplication -  in CategoryServiceImpl time [] ProductCategory findAll
2018-08-13 22:32:11.012 [main] INFO  com.lq.sell.SellApplication - Starting SellApplication on LQ_ with PID 12036 (E:\newwork\sell\target\classes started by LQ in E:\newwork\sell)
2018-08-13 22:32:11.019 [main] INFO  com.lq.sell.SellApplication - No active profile set, falling back to default profiles: default
2018-08-13 22:32:16.676 [main] INFO  com.lq.sell.SellApplication - Started SellApplication in 6.497 seconds (JVM running for 7.4)
2018-08-13 22:33:12.144 [main] INFO  com.lq.sell.SellApplication - Starting SellApplication on LQ_ with PID 8000 (E:\newwork\sell\target\classes started by LQ in E:\newwork\sell)
2018-08-13 22:33:12.151 [main] INFO  com.lq.sell.SellApplication - No active profile set, falling back to default profiles: default
2018-08-13 22:33:18.749 [main] INFO  com.lq.sell.SellApplication - Started SellApplication in 7.444 seconds (JVM running for 8.287)
2018-08-13 22:34:03.675 [main] INFO  com.lq.sell.SellApplication - Starting SellApplication on LQ_ with PID 7624 (E:\newwork\sell\target\classes started by LQ in E:\newwork\sell)
2018-08-13 22:34:03.681 [main] INFO  com.lq.sell.SellApplication - No active profile set, falling back to default profiles: default
2018-08-13 22:34:10.087 [main] INFO  com.lq.sell.SellApplication - Started SellApplication in 7.37 seconds (JVM running for 8.117)
2018-08-13 22:34:44.020 [main] INFO  com.lq.sell.SellApplication - Starting SellApplication on LQ_ with PID 12200 (E:\newwork\sell\target\classes started by LQ in E:\newwork\sell)
2018-08-13 22:34:44.027 [main] INFO  com.lq.sell.SellApplication - No active profile set, falling back to default profiles: default
2018-08-13 22:34:50.424 [main] INFO  com.lq.sell.SellApplication - Started SellApplication in 7.149 seconds (JVM running for 7.966)
2018-08-13 22:37:01.411 [main] INFO  com.lq.sell.SellApplication - Starting SellApplication on LQ_ with PID 3048 (E:\newwork\sell\target\classes started by LQ in E:\newwork\sell)
2018-08-13 22:37:01.421 [main] INFO  com.lq.sell.SellApplication - No active profile set, falling back to default profiles: default
2018-08-13 22:37:09.309 [main] INFO  com.lq.sell.SellApplication - Started SellApplication in 8.827 seconds (JVM running for 10.154)
2018-08-13 22:37:09.767 [http-nio-8080-exec-1] INFO  com.lq.sell.SellApplication -  in CategoryServiceImpl time [] ProductCategory findAll
2018-08-13 22:40:10.793 [main] INFO  com.lq.sell.SellApplication - Starting SellApplication on LQ_ with PID 13784 (E:\newwork\sell\target\classes started by LQ in E:\newwork\sell)
2018-08-13 22:40:10.801 [main] INFO  com.lq.sell.SellApplication - No active profile set, falling back to default profiles: default
2018-08-13 22:40:16.061 [main] INFO  com.lq.sell.SellApplication - Started SellApplication in 6.391 seconds (JVM running for 7.266)
2018-08-13 22:41:17.969 [main] INFO  com.lq.sell.SellApplication - Starting SellApplication on LQ_ with PID 8496 (E:\newwork\sell\target\classes started by LQ in E:\newwork\sell)
2018-08-13 22:41:17.997 [main] INFO  com.lq.sell.SellApplication - No active profile set, falling back to default profiles: default
2018-08-13 22:41:23.336 [main] INFO  com.lq.sell.SellApplication - Started SellApplication in 6.251 seconds (JVM running for 7.106)
2018-08-13 22:41:28.035 [http-nio-8080-exec-1] INFO  com.lq.sell.SellApplication -  in CategoryServiceImpl time [] ProductCategory findAll
2018-08-13 22:42:23.307 [main] INFO  com.lq.sell.SellApplication - Starting SellApplication on LQ_ with PID 8016 (E:\newwork\sell\target\classes started by LQ in E:\newwork\sell)
2018-08-13 22:42:23.316 [main] INFO  com.lq.sell.SellApplication - No active profile set, falling back to default profiles: default
2018-08-13 22:42:29.455 [main] INFO  com.lq.sell.SellApplication - Started SellApplication in 6.914 seconds (JVM running for 7.685)
2018-08-13 22:42:30.676 [http-nio-8080-exec-1] INFO  com.lq.sell.SellApplication -  in CategoryServiceImpl time [] ProductCategory findAll
2018-08-13 22:43:39.954 [main] INFO  com.lq.sell.SellApplication - Starting SellApplication on LQ_ with PID 5460 (E:\newwork\sell\target\classes started by LQ in E:\newwork\sell)
2018-08-13 22:43:39.964 [main] INFO  com.lq.sell.SellApplication - No active profile set, falling back to default profiles: default
2018-08-13 22:43:47.220 [main] INFO  com.lq.sell.SellApplication - Started SellApplication in 8.283 seconds (JVM running for 9.395)
2018-08-13 22:44:05.377 [http-nio-8080-exec-2] INFO  com.lq.sell.SellApplication -  in CategoryServiceImpl time [] ProductCategory findAll
2018-08-13 22:45:58.354 [main] INFO  com.lq.sell.SellApplication - Starting SellApplication on LQ_ with PID 1604 (E:\newwork\sell\target\classes started by LQ in E:\newwork\sell)
2018-08-13 22:45:58.365 [main] INFO  com.lq.sell.SellApplication - No active profile set, falling back to default profiles: default
2018-08-13 22:46:05.312 [main] INFO  com.lq.sell.SellApplication - Started SellApplication in 8.373 seconds (JVM running for 9.502)
2018-08-13 22:46:35.947 [main] INFO  com.lq.sell.SellApplication - Starting SellApplication on LQ_ with PID 7624 (E:\newwork\sell\target\classes started by LQ in E:\newwork\sell)
2018-08-13 22:46:35.953 [main] INFO  com.lq.sell.SellApplication - No active profile set, falling back to default profiles: default
2018-08-13 22:46:40.828 [main] INFO  com.lq.sell.SellApplication - Starting SellApplication on LQ_ with PID 3236 (E:\newwork\sell\target\classes started by LQ in E:\newwork\sell)
2018-08-13 22:46:40.840 [main] INFO  com.lq.sell.SellApplication - No active profile set, falling back to default profiles: default
2018-08-13 22:46:48.411 [main] INFO  com.lq.sell.SellApplication - Started SellApplication in 8.472 seconds (JVM running for 9.49)
2018-08-13 22:47:53.760 [main] INFO  com.lq.sell.SellApplication - Starting SellApplication on LQ_ with PID 9880 (E:\newwork\sell\target\classes started by LQ in E:\newwork\sell)
2018-08-13 22:47:53.769 [main] INFO  com.lq.sell.SellApplication - No active profile set, falling back to default profiles: default
2018-08-13 22:48:00.771 [main] INFO  com.lq.sell.SellApplication - Started SellApplication in 8.359 seconds (JVM running for 9.334)
2018-08-13 22:48:31.060 [main] INFO  com.lq.sell.SellApplication - Starting SellApplication on LQ_ with PID 5416 (E:\newwork\sell\target\classes started by LQ in E:\newwork\sell)
2018-08-13 22:48:31.067 [main] INFO  com.lq.sell.SellApplication - No active profile set, falling back to default profiles: default
2018-08-13 22:49:34.969 [main] INFO  com.lq.sell.SellApplication - Starting SellApplication on LQ_ with PID 8344 (E:\newwork\sell\target\classes started by LQ in E:\newwork\sell)
2018-08-13 22:49:34.976 [main] INFO  com.lq.sell.SellApplication - No active profile set, falling back to default profiles: default
2018-08-13 22:49:40.777 [main] INFO  com.lq.sell.SellApplication - Started SellApplication in 6.567 seconds (JVM running for 7.41)
2018-08-13 22:50:23.532 [http-nio-8080-exec-8] INFO  com.lq.sell.SellApplication -  in CategoryServiceImpl time [] ProductCategory findAll
2018-08-13 22:51:57.443 [main] INFO  com.lq.sell.SellApplication - Starting SellApplication on LQ_ with PID 11872 (E:\newwork\sell\target\classes started by LQ in E:\newwork\sell)
2018-08-13 22:51:57.466 [main] INFO  com.lq.sell.SellApplication - No active profile set, falling back to default profiles: default
2018-08-13 22:52:04.798 [main] INFO  com.lq.sell.SellApplication - Started SellApplication in 8.314 seconds (JVM running for 9.23)
2018-08-13 22:56:05.342 [main] INFO  com.lq.sell.SellApplication - Starting SellApplication on LQ_ with PID 10868 (E:\newwork\sell\target\classes started by LQ in E:\newwork\sell)
2018-08-13 22:56:05.352 [main] INFO  com.lq.sell.SellApplication - No active profile set, falling back to default profiles: default
2018-08-13 22:56:11.771 [main] INFO  com.lq.sell.SellApplication - Started SellApplication in 7.411 seconds (JVM running for 8.387)
2018-08-13 22:56:30.651 [http-nio-8080-exec-10] INFO  com.lq.sell.SellApplication -  in CategoryServiceImpl time [] ProductCategory findAll
2018-08-13 22:57:03.985 [http-nio-8080-exec-5] INFO  com.lq.sell.SellApplication -  in CategoryServiceImpl time [] ProductCategory findAll
2018-08-13 22:57:53.624 [http-nio-8080-exec-2] INFO  com.lq.sell.SellApplication -  in CategoryServiceImpl time [] ProductCategory findAll
2018-08-13 22:59:41.889 [main] INFO  com.lq.sell.SellApplication - Starting SellApplication on LQ_ with PID 6544 (E:\newwork\sell\target\classes started by LQ in E:\newwork\sell)
2018-08-13 22:59:41.897 [main] INFO  com.lq.sell.SellApplication - No active profile set, falling back to default profiles: default
2018-08-13 22:59:47.568 [main] INFO  com.lq.sell.SellApplication - Started SellApplication in 6.416 seconds (JVM running for 7.198)
2018-08-13 22:59:58.798 [http-nio-8080-exec-1] INFO  com.lq.sell.SellApplication -  in CategoryServiceImpl time [] ProductCategory findAll
2018-08-13 23:00:04.699 [http-nio-8080-exec-5] INFO  com.lq.sell.SellApplication -  in CategoryServiceImpl time [] ProductCategory findAll
2018-08-13 23:01:20.294 [main] INFO  com.lq.sell.SellApplication - Starting SellApplication on LQ_ with PID 13724 (E:\newwork\sell\target\classes started by LQ in E:\newwork\sell)
2018-08-13 23:01:20.317 [main] INFO  com.lq.sell.SellApplication - No active profile set, falling back to default profiles: default
2018-08-13 23:01:27.723 [main] INFO  com.lq.sell.SellApplication - Started SellApplication in 8.329 seconds (JVM running for 9.282)
2018-08-13 23:03:50.217 [main] INFO  com.lq.sell.SellApplication - Starting SellApplication on LQ_ with PID 12352 (E:\newwork\sell\target\classes started by LQ in E:\newwork\sell)
2018-08-13 23:03:50.226 [main] INFO  com.lq.sell.SellApplication - No active profile set, falling back to default profiles: default
2018-08-13 23:03:56.501 [main] INFO  com.lq.sell.SellApplication - Started SellApplication in 7.509 seconds (JVM running for 8.38)
2018-08-13 23:03:56.660 [http-nio-8080-exec-1] INFO  com.lq.sell.controller.SellProductController - e
2018-08-13 23:05:13.770 [main] INFO  com.lq.sell.SellApplication - Starting SellApplication on LQ_ with PID 6676 (E:\newwork\sell\target\classes started by LQ in E:\newwork\sell)
2018-08-13 23:05:13.777 [main] INFO  com.lq.sell.SellApplication - No active profile set, falling back to default profiles: default
2018-08-13 23:05:19.806 [main] INFO  com.lq.sell.SellApplication - Started SellApplication in 6.767 seconds (JVM running for 7.652)
2018-08-13 23:05:48.325 [http-nio-8080-exec-2] INFO  com.lq.sell.SellApplication -  in CategoryServiceImpl time [] ProductCategory findAll
2018-08-13 23:05:50.658 [http-nio-8080-exec-4] INFO  com.lq.sell.SellApplication -  in CategoryServiceImpl time [] ProductCategory findAll
2018-08-13 23:05:53.019 [http-nio-8080-exec-6] INFO  com.lq.sell.SellApplication -  in CategoryServiceImpl time [] ProductCategory findAll
2018-08-13 23:06:01.235 [http-nio-8080-exec-9] INFO  com.lq.sell.SellApplication -  in CategoryServiceImpl time [] ProductCategory findAll
2018-08-13 23:08:36.535 [main] INFO  com.lq.sell.SellApplication - Starting SellApplication on LQ_ with PID 11868 (E:\newwork\sell\target\classes started by LQ in E:\newwork\sell)
2018-08-13 23:08:36.542 [main] INFO  com.lq.sell.SellApplication - No active profile set, falling back to default profiles: default
2018-08-13 23:08:41.954 [main] INFO  com.lq.sell.SellApplication - Started SellApplication in 6.166 seconds (JVM running for 6.917)
2018-08-13 23:08:57.265 [http-nio-8080-exec-2] INFO  com.lq.sell.SellApplication -  in CategoryServiceImpl time [] ProductCategory findAll
2018-08-13 23:09:33.174 [main] INFO  com.lq.sell.SellApplication - Starting SellApplication on LQ_ with PID 1644 (E:\newwork\sell\target\classes started by LQ in E:\newwork\sell)
2018-08-13 23:09:33.182 [main] INFO  com.lq.sell.SellApplication - No active profile set, falling back to default profiles: default
2018-08-13 23:09:38.894 [main] INFO  com.lq.sell.SellApplication - Started SellApplication in 6.495 seconds (JVM running for 7.291)
2018-08-13 23:09:45.802 [http-nio-8080-exec-2] INFO  com.lq.sell.SellApplication -  in CategoryServiceImpl time [] ProductCategory findAll
2018-08-13 23:10:43.838 [main] INFO  com.lq.sell.SellApplication - Starting SellApplication on LQ_ with PID 10420 (E:\newwork\sell\target\classes started by LQ in E:\newwork\sell)
2018-08-13 23:10:43.847 [main] INFO  com.lq.sell.SellApplication - No active profile set, falling back to default profiles: default
2018-08-13 23:10:49.429 [main] INFO  com.lq.sell.SellApplication - Started SellApplication in 6.327 seconds (JVM running for 7.153)
2018-08-13 23:10:57.239 [http-nio-8080-exec-2] INFO  com.lq.sell.SellApplication -  in CategoryServiceImpl time [] ProductCategory findAll
2018-08-13 23:12:31.880 [main] INFO  com.lq.sell.SellApplication - Starting SellApplication on LQ_ with PID 13832 (E:\newwork\sell\target\classes started by LQ in E:\newwork\sell)
2018-08-13 23:12:31.889 [main] INFO  com.lq.sell.SellApplication - No active profile set, falling back to default profiles: default
2018-08-13 23:12:38.083 [main] INFO  com.lq.sell.SellApplication - Started SellApplication in 6.956 seconds (JVM running for 7.744)
2018-08-13 23:12:46.891 [http-nio-8080-exec-1] INFO  com.lq.sell.SellApplication -  in CategoryServiceImpl time [] ProductCategory findAll
2018-08-13 23:13:30.884 [http-nio-8080-exec-5] INFO  com.lq.sell.SellApplication -  in CategoryServiceImpl time [] ProductCategory findAll
2018-08-13 23:13:40.464 [http-nio-8080-exec-8] INFO  com.lq.sell.SellApplication -  in CategoryServiceImpl time [] ProductCategory findAll
2018-08-13 23:13:44.869 [http-nio-8080-exec-10] INFO  com.lq.sell.SellApplication -  in CategoryServiceImpl time [] ProductCategory findAll
